<?xml version="1.0" encoding="UTF-8"?>
<testsuites name="Сверка с ПБЭ" time="289.815" tests="1" failures="0" errors="1">
   <testsuite name="Сверка с ПБЭ" tests="1" failures="0" errors="1" time="289.815" skipped="0" timestamp="07-03-2025T10:43:42" hostname="liazgina-di - UVV-WS904-D.ot.ru" id="Test Suites/Пн-Ср-Пт/Сверка с ПБЭ">
      <properties>
         <property name="deviceName" value=""/>
         <property name="devicePlatform"/>
         <property name="logFolder" value="C:\\Users\\LIAZGINA-DI\\git\\SPORU\\Reports\\20250307_104338\\\u041F\u043D-\u0421\u0440-\u041F\u0442\\\u0421\u0432\u0435\u0440\u043A\u0430 \u0441 \u041F\u0411\u042D\\20250307_104338"/>
         <property name="logFiles" value="C:\\Users\\LIAZGINA-DI\\git\\SPORU\\Reports\\20250307_104338\\\u041F\u043D-\u0421\u0440-\u041F\u0442\\\u0421\u0432\u0435\u0440\u043A\u0430 \u0441 \u041F\u0411\u042D\\20250307_104338\\execution0.log"/>
         <property name="attachments" value=""/>
         <property name="hostName" value="liazgina-di - UVV-WS904-D.ot.ru"/>
         <property name="os" value="Windows 10 64bit"/>
         <property name="katalonVersion" value="9.5.0.217"/>
         <property name="browser" value="Chrome 133.0.0.0"/>
         <property name="hostAddress" value="192.168.0.19"/>
         <property name="sessionId" value="e978b8773a4e14b2e922427187f1c631"/>
         <property name="seleniumVersion" value="3.141.59"/>
         <property name="proxyInformation" value="ProxyInformation { proxyOption=NO_PROXY, proxyServerType=HTTP, username=, password=********, proxyServerAddress=, proxyServerPort=0, executionList=&quot;&quot;, isApplyToDesiredCapabilities=true }"/>
         <property name="platform" value="Windows 10"/>
      </properties>
      <testcase name="Test Cases/Выполнение бизнес-плана/Выполнение бизнес-плана Сверка ПАО Россети все филиалы" time="289.615" classname="Test Cases/Выполнение бизнес-плана/Выполнение бизнес-плана Сверка ПАО Россети все филиалы" status="ERROR">
         <error type="ERROR" message="Test Cases/Выполнение бизнес-плана/Выполнение бизнес-плана Сверка ПАО Россети все филиалы FAILED.&#xa;Reason:&#xa;java.lang.NumberFormatException: For input string: &quot;undefined&quot;&#xa;	at Выполнение бизнес-плана Сверка ПАО Россети все филиалы.Numbers(Выполнение бизнес-плана Сверка ПАО Россети все филиалы:600)&#xa;	at Выполнение бизнес-плана Сверка ПАО Россети все филиалы.run(Выполнение бизнес-плана Сверка ПАО Россети все филиалы:172)&#xa;	at com.kms.katalon.core.main.ScriptEngine.run(ScriptEngine.java:194)&#xa;	at com.kms.katalon.core.main.ScriptEngine.runScriptAsRawText(ScriptEngine.java:119)&#xa;	at com.kms.katalon.core.main.TestCaseExecutor.runScript(TestCaseExecutor.java:448)&#xa;	at com.kms.katalon.core.main.TestCaseExecutor.doExecute(TestCaseExecutor.java:439)&#xa;	at com.kms.katalon.core.main.TestCaseExecutor.processExecutionPhase(TestCaseExecutor.java:418)&#xa;	at com.kms.katalon.core.main.TestCaseExecutor.accessMainPhase(TestCaseExecutor.java:410)&#xa;	at com.kms.katalon.core.main.TestCaseExecutor.execute(TestCaseExecutor.java:285)&#xa;	at com.kms.katalon.core.common.CommonExecutor.accessTestCaseMainPhase(CommonExecutor.java:65)&#xa;	at com.kms.katalon.core.main.TestSuiteExecutor.accessTestSuiteMainPhase(TestSuiteExecutor.java:150)&#xa;	at com.kms.katalon.core.main.TestSuiteExecutor.execute(TestSuiteExecutor.java:106)&#xa;	at com.kms.katalon.core.main.TestCaseMain.startTestSuite(TestCaseMain.java:180)&#xa;	at TempTestSuite1741333418404.run(TempTestSuite1741333418404.groovy:35)&#xa;	at java.base/jdk.internal.reflect.NativeMethodAccessorImpl.invoke0(Native Method)&#xa;	at java.base/jdk.internal.reflect.NativeMethodAccessorImpl.invoke(NativeMethodAccessorImpl.java:77)&#xa;	at java.base/jdk.internal.reflect.DelegatingMethodAccessorImpl.invoke(DelegatingMethodAccessorImpl.java:43)&#xa;"/>
         <system-out><![CDATA[07-03-2025T10:43:43 - [TEST_CASE][ERROR] - Test Cases/Выполнение бизнес-плана/Выполнение бизнес-плана Сверка ПАО Россети все филиалы: Test Cases/Выполнение бизнес-плана/Выполнение бизнес-плана Сверка ПАО Россети все филиалы FAILED.
Reason:
java.lang.NumberFormatException: For input string: "undefined"
	at Выполнение бизнес-плана Сверка ПАО Россети все филиалы.Numbers(Выполнение бизнес-плана Сверка ПАО Россети все филиалы:600)
	at Выполнение бизнес-плана Сверка ПАО Россети все филиалы.run(Выполнение бизнес-плана Сверка ПАО Россети все филиалы:172)
	at com.kms.katalon.core.main.ScriptEngine.run(ScriptEngine.java:194)
	at com.kms.katalon.core.main.ScriptEngine.runScriptAsRawText(ScriptEngine.java:119)
	at com.kms.katalon.core.main.TestCaseExecutor.runScript(TestCaseExecutor.java:448)
	at com.kms.katalon.core.main.TestCaseExecutor.doExecute(TestCaseExecutor.java:439)
	at com.kms.katalon.core.main.TestCaseExecutor.processExecutionPhase(TestCaseExecutor.java:418)
	at com.kms.katalon.core.main.TestCaseExecutor.accessMainPhase(TestCaseExecutor.java:410)
	at com.kms.katalon.core.main.TestCaseExecutor.execute(TestCaseExecutor.java:285)
	at com.kms.katalon.core.common.CommonExecutor.accessTestCaseMainPhase(CommonExecutor.java:65)
	at com.kms.katalon.core.main.TestSuiteExecutor.accessTestSuiteMainPhase(TestSuiteExecutor.java:150)
	at com.kms.katalon.core.main.TestSuiteExecutor.execute(TestSuiteExecutor.java:106)
	at com.kms.katalon.core.main.TestCaseMain.startTestSuite(TestCaseMain.java:180)
	at TempTestSuite1741333418404.run(TempTestSuite1741333418404.groovy:35)
	at java.base/jdk.internal.reflect.NativeMethodAccessorImpl.invoke0(Native Method)
	at java.base/jdk.internal.reflect.NativeMethodAccessorImpl.invoke(NativeMethodAccessorImpl.java:77)
	at java.base/jdk.internal.reflect.DelegatingMethodAccessorImpl.invoke(DelegatingMethodAccessorImpl.java:43)


07-03-2025T10:43:44 - [TEST_STEP][PASSED] - openBrowser(""): Browser is opened with url: ''

07-03-2025T10:43:44 - [MESSAGE][INFO] - Starting 'Chrome' driver

07-03-2025T10:43:45 - [MESSAGE][INFO] - Action delay is set to 0 milliseconds

07-03-2025T10:43:46 - [MESSAGE][PASSED] - Browser is opened with url: ''

07-03-2025T10:43:46 - [TEST_STEP][PASSED] - date = new java.util.Date(): null

07-03-2025T10:43:46 - [TEST_STEP][PASSED] - todaysDate = date.format("dd.MM.yyyy"): null

07-03-2025T10:43:46 - [TEST_STEP][PASSED] - dZO = <not implemented yet for class: org.codehaus.groovy.ast.expr.EmptyExpression>: null

07-03-2025T10:43:46 - [TEST_STEP][PASSED] - a = <not implemented yet for class: org.codehaus.groovy.ast.expr.EmptyExpression>: null

07-03-2025T10:43:46 - [TEST_STEP][PASSED] - fileperc = <not implemented yet for class: org.codehaus.groovy.ast.expr.EmptyExpression>: null

07-03-2025T10:43:46 - [TEST_STEP][PASSED] - pageperc = <not implemented yet for class: org.codehaus.groovy.ast.expr.EmptyExpression>: null

07-03-2025T10:43:46 - [TEST_STEP][PASSED] - pageInt = <not implemented yet for class: org.codehaus.groovy.ast.expr.EmptyExpression>: null

07-03-2025T10:43:46 - [TEST_STEP][PASSED] - fileInt = <not implemented yet for class: org.codehaus.groovy.ast.expr.EmptyExpression>: null

07-03-2025T10:43:46 - [TEST_STEP][PASSED] - pageDouble = <not implemented yet for class: org.codehaus.groovy.ast.expr.EmptyExpression>: null

07-03-2025T10:43:46 - [TEST_STEP][PASSED] - fileDouble = <not implemented yet for class: org.codehaus.groovy.ast.expr.EmptyExpression>: null

07-03-2025T10:43:46 - [TEST_STEP][PASSED] - typeOfData = <not implemented yet for class: org.codehaus.groovy.ast.expr.EmptyExpression>: null

07-03-2025T10:43:46 - [TEST_STEP][PASSED] - dzoNum = 0: null

07-03-2025T10:43:46 - [TEST_STEP][PASSED] - filialNum = 0: null

07-03-2025T10:43:46 - [TEST_STEP][PASSED] - urlText = <not implemented yet for class: org.codehaus.groovy.ast.expr.EmptyExpression>: null

07-03-2025T10:43:46 - [TEST_STEP][PASSED] - searchWord = <not implemented yet for class: org.codehaus.groovy.ast.expr.EmptyExpression>: null

07-03-2025T10:43:46 - [TEST_STEP][PASSED] - i = <not implemented yet for class: org.codehaus.groovy.ast.expr.EmptyExpression>: null

07-03-2025T10:43:46 - [TEST_STEP][PASSED] - ii = <not implemented yet for class: org.codehaus.groovy.ast.expr.EmptyExpression>: null

07-03-2025T10:43:46 - [TEST_STEP][PASSED] - navigateToUrl(findTestData("PlanFact").getValue(10, 1)): Navigate to 'https://bi.rosseti.digital/viewer?dashboardGuid=d154a8eaf6824e2b9de1bb04dd061c18&sheetGuid=1305e8ce744049e1abdacea1ea397a26&fit=true' successfully

07-03-2025T10:43:50 - [MESSAGE][PASSED] - Navigate to 'https://bi.rosseti.digital/viewer?dashboardGuid=d154a8eaf6824e2b9de1bb04dd061c18&sheetGuid=1305e8ce744049e1abdacea1ea397a26&fit=true' successfully

07-03-2025T10:43:50 - [TEST_STEP][PASSED] - urlText = getText(findTestObject("Страница авторизации/Text")): Text of object 'Object Repository/Страница авторизации/Text' is: 'Вход'

07-03-2025T10:43:52 - [MESSAGE][PASSED] - Text of object 'Object Repository/Страница авторизации/Text' is: 'Вход'

07-03-2025T10:43:52 - [TEST_STEP][PASSED] - delay(20): Delayed 20 second(s)

07-03-2025T10:44:12 - [MESSAGE][PASSED] - Delayed 20 second(s)

07-03-2025T10:44:12 - [TEST_STEP][PASSED] - searchWord = "Вход": null

07-03-2025T10:44:12 - [TEST_STEP][PASSED] - if (urlText.contains(searchWord) == false): null

07-03-2025T10:44:12 - [TEST_STEP][PASSED] - setText(findTestObject("Страница авторизации/input__username"), findTestData("PlanFact").getValue(8, 1)): Text 'liazgina-di' is set on object 'Object Repository/Страница авторизации/input__username'

07-03-2025T10:44:13 - [MESSAGE][PASSED] - Text 'liazgina-di' is set on object 'Object Repository/Страница авторизации/input__username'

07-03-2025T10:44:13 - [TEST_STEP][PASSED] - setText(findTestObject("Страница авторизации/input__password"), findTestData("PlanFact").getValue(9, 1)): Text ')$%5srZ8o688Dm#q' is set on object 'Object Repository/Страница авторизации/input__password'

07-03-2025T10:44:14 - [MESSAGE][PASSED] - Text ')$%5srZ8o688Dm#q' is set on object 'Object Repository/Страница авторизации/input__password'

07-03-2025T10:44:14 - [TEST_STEP][PASSED] - click(findTestObject("Страница авторизации/button_")): Object: 'Object Repository/Страница авторизации/button_' is clicked on

07-03-2025T10:44:15 - [MESSAGE][PASSED] - Object: 'Object Repository/Страница авторизации/button_' is clicked on

07-03-2025T10:44:15 - [TEST_STEP][PASSED] - delay(50): Delayed 50 second(s)

07-03-2025T10:45:05 - [MESSAGE][PASSED] - Delayed 50 second(s)

07-03-2025T10:45:05 - [TEST_STEP][PASSED] - searchWord = "ДЗО": null

07-03-2025T10:45:05 - [TEST_STEP][PASSED] - urlText = getText(findTestObject("Страница авторизации/Text")): Text of object 'Object Repository/Страница авторизации/Text' is: 'ДЗО 
ПАО Россети
Период
Январь 2025 года
Отклонения фактического уровня потерь от бизнес-плана, п.п.
-0.01
-0.92
-0.43
-2.42
-0.30
-0.28
-2.45
Россети ФСК ЕЭС
Россети Волга
Россети Московский регион
Россети Северо-Запад
Россети Томск
Россети Урал (ГК)
Россети Янтарь
-4
-2
0
2
4
6
8

Уровень потерь электроэнергии
Россети ФСК ЕЭС
Россети Волга
Россети Московский регион
Россети Северо-Запад
Россети Томск
Россети Урал (ГК)
Россети Янтарь
0
10
20
30
40
50
60
70
4.01
|
6.39
|
9.74
|
7.39
|
11.82
|
7.40
|
12.35
|
4.00
5.47
9.32
4.97
11.52
7.12
9.90
п.п.
2.94
Итого
0
1
2
3
4
%
5.23 5.23
8.17 8.17
План
Факт
1
100

● Бизнес-план выполнен● ●● Превышение бизнес-плана
Отклонения фактического уровня потерь от бизнес-плана за 3 месяца (нарастающим итогом), п.п.
-0.2-0.2
-8.3-8.3
3.13.1
-0.4-0.4
-0.6-0.6
-0.0-0.0
0.20.2
3.93.9
-0.4-0.4
-8.8-8.8
-0.0-0.0
0.20.2
-0.2-0.2
-0.5-0.5
-0.3-0.3
-0.5-0.5
-0.1-0.1
-0.2-0.2
-8.4-8.4
2.92.9
-0.4-0.4
-0.5-0.5
-0.0-0.0
0.20.2
3.83.8
-0.3-0.3
-7.9-7.9
-0.0-0.0
0.20.2
-0.2-0.2
-0.5-0.5
-0.2-0.2
-0.3-0.3
-0.1-0.1
-0.0-0.0
-0.9-0.9
-0.4-0.4
-2.4-2.4
-0.3-0.3
-0.3-0.3
-2.4-2.4
Россети ФСКЕЭС
АО«Тываэнерго»
АО«Чеченэнерго»
Россети Волга
РоссетиКубань
РоссетиЛенэнерго(ГК)
РоссетиМосковскийрегион
РоссетиСеверныйКавказ (ГК)
Россети Северо-Запад
Россети Сибирь(ГК)
Россети Томск
Россети Тюмень
Россети Урал(ГК)
Россети Центр
Россети Центри Приволжье(ГК)
Россети Юг (Г…
РоссетиЯнтарь
-10
0
10
п.п.
Отклонения фактического уровня потерь от бизнес-плана за 3 месяца (нарастающим итогом)
-0.2-0.2
-1.5-1.5
-0.1-0.1
-0.6-0.6
-95.8-95.8
-0.0-0.0
-0.7-0.7
1.31.3
-0.5-0.5
-0.2-0.2
-90.8-90.8
0.10.1
-0.4-0.4
0.10.1
0.00.0
-0.1-0.1
-0.2-0.2
-0.3-0.3
-0.6-0.6
-0.1-0.1
-0.0-0.0
-1.2-1.2
-89.4-89.4
-0.5-0.5
-90.2-90.2
-0.4-0.4
-1.0-1.0
-0.0-0.0
-0.7-0.7
-80.6-80.6
-1.0-1.0
-0.4-0.4
-0.1-0.1
-0.2-0.2
-0.8-0.8
-1.0-1.0
-0.2-0.2
-0.5-0.5
-1.2-1.2
0.00.0
-7.3-7.3
-0.0-0.0
-0.3-0.3
-1.3-1.3
-0.2-0.2
-0.5-0.5
-43.5-43.5
-1.0-1.0
-0.0-0.0
1.21.2
1.51.5
-0.7-0.7
1.21.2
-0.5-0.5
0.50.5
-0.2-0.2
0.10.1
-40.4-40.4
0.70.7
-0.0-0.0
-0.4-0.4
-0.0-0.0
-0.1-0.1
0.20.2
-0.1-0.1
-0.1-0.1
-0.4-0.4
-0.4-0.4
-0.6-0.6
-1.9-1.9
0.00.0
-0.6-0.6
1.21.2
0.70.7
-0.0-0.0
2.72.7
0.40.4
-1.3-1.3
-44.7-44.7
-0.4-0.4
-37.3-37.3
-0.7-0.7
2.32.3
-0.9-0.9
-0.0-0.0
-0.4-0.4
-39.6-39.6
-0.4-0.4
1.91.9
1.31.3
9.99.9
-0.7-0.7
-0.4-0.4
-0.6-0.6
-0.1-0.1
0.10.1
-1.3-1.3
0.90.9
0.90.9
2.12.1
-0.8-0.8
-0.8-0.8
-0.3-0.3
9.99.9
0.50.5
10.310.3
Итого по ФС…
Каббалкэнерго
Калмэнерго
Калугаэнерго
Карачаево-Черкесскэнерго
Карельский филиал
Кировэнерго
Костромаэнерго
Красноярскэнерго
Кубаньэнерго
Кузбассэнерго-РЭС
Курскэнерго
Ленинградская область
Липецкэнерго
Мариэнерго
Мордовэнерго
Московская область
Мурманский филиал
Нижновэнерго
Новгородский филиал
ООО «БрянскЭлектро»
Омскэнерго
Орелэнерго
Оренбургэнерго
Пензаэнерго
Пермэнерго
Псковский филиал
Россети Тюмень
Россети Янтарь
Ростовэнерго
Рязаньэнерго
Самарские РС
Саратовские РС
Свердловэнерго
Севкавказэнерго
Смоленскэнерго
Ставропольэнерго
Тамбовэнерго
Тверьэнерго
Томская распределительная компания
Тулэнерго
Удмуртэнерго
Ульяновские РС
Хакасэнерго
Челябэнерго
Читаэнерго
Чувашэнерго
Ярэнерго
г. Москва
г. Санкт-Петербург
филиал в Республике Коми
АО "Тываэнерго"
АО «ВМЭС»
АО «Воронежская горэлектросеть»
АО «Тульские городские электрические сети»
АО «Чеченэнерго»
АО «Ярославская электросетевая компания»
АО ЕЭСК
Алтайэнерго
Архангельский филиал
Астраханьэнерго
Белгородэнерго
Брянскэнерго
Бурятэнерго
Владимирэнерго
Волгоградэнерго
Вологодский филиал
Воронежэнерго
Дагэнерго
Ивэнерго
Ингушэнерго
-180
60

Статус данных
Просьба обратить внимание
— все данные не занесены
Факт
План
Итого – Факт
Отпуск в сеть 49 783 908
Отпуск из сети 45 718 992
Потери 4 064 916
Итого – План
Отпуск из сети 0
Потери 0
undefined undefined
Выполнение бизнес-плана в части показателя «Уровень потерь электроэнергии»
Показатели баланса электроэнергии по ДЗО – Факт 
57 256 396 3 856 981 9 778 647 3 075 072 476 306 6 843 010 462 838
55 054 236 3 645 880 8 867 734 2 922 288 421 425 6 355 760 417 011
2 202 160 211 102 910 913 152 783 54 881 487 250 45 827
Показатели баланса электроэнергии по ДЗО – План
58 806 842 4 033 660 10 346 741 3 272 134 504 635 7 177 213 489 942
56 540 011 3 775 836 9 338 688 3 030 349 444 962 6 646 123 429 434
2 266 831 257 824 1 008 053 241 785 59 673 531 090 60 508'

07-03-2025T10:45:07 - [MESSAGE][PASSED] - Text of object 'Object Repository/Страница авторизации/Text' is: 'ДЗО 
ПАО Россети
Период
Январь 2025 года
Отклонения фактического уровня потерь от бизнес-плана, п.п.
-0.01
-0.92
-0.43
-2.42
-0.30
-0.28
-2.45
Россети ФСК ЕЭС
Россети Волга
Россети Московский регион
Россети Северо-Запад
Россети Томск
Россети Урал (ГК)
Россети Янтарь
-4
-2
0
2
4
6
8

Уровень потерь электроэнергии
Россети ФСК ЕЭС
Россети Волга
Россети Московский регион
Россети Северо-Запад
Россети Томск
Россети Урал (ГК)
Россети Янтарь
0
10
20
30
40
50
60
70
4.01
|
6.39
|
9.74
|
7.39
|
11.82
|
7.40
|
12.35
|
4.00
5.47
9.32
4.97
11.52
7.12
9.90
п.п.
2.94
Итого
0
1
2
3
4
%
5.23 5.23
8.17 8.17
План
Факт
1
100

● Бизнес-план выполнен● ●● Превышение бизнес-плана
Отклонения фактического уровня потерь от бизнес-плана за 3 месяца (нарастающим итогом), п.п.
-0.2-0.2
-8.3-8.3
3.13.1
-0.4-0.4
-0.6-0.6
-0.0-0.0
0.20.2
3.93.9
-0.4-0.4
-8.8-8.8
-0.0-0.0
0.20.2
-0.2-0.2
-0.5-0.5
-0.3-0.3
-0.5-0.5
-0.1-0.1
-0.2-0.2
-8.4-8.4
2.92.9
-0.4-0.4
-0.5-0.5
-0.0-0.0
0.20.2
3.83.8
-0.3-0.3
-7.9-7.9
-0.0-0.0
0.20.2
-0.2-0.2
-0.5-0.5
-0.2-0.2
-0.3-0.3
-0.1-0.1
-0.0-0.0
-0.9-0.9
-0.4-0.4
-2.4-2.4
-0.3-0.3
-0.3-0.3
-2.4-2.4
Россети ФСКЕЭС
АО«Тываэнерго»
АО«Чеченэнерго»
Россети Волга
РоссетиКубань
РоссетиЛенэнерго(ГК)
РоссетиМосковскийрегион
РоссетиСеверныйКавказ (ГК)
Россети Северо-Запад
Россети Сибирь(ГК)
Россети Томск
Россети Тюмень
Россети Урал(ГК)
Россети Центр
Россети Центри Приволжье(ГК)
Россети Юг (Г…
РоссетиЯнтарь
-10
0
10
п.п.
Отклонения фактического уровня потерь от бизнес-плана за 3 месяца (нарастающим итогом)
-0.2-0.2
-1.5-1.5
-0.1-0.1
-0.6-0.6
-95.8-95.8
-0.0-0.0
-0.7-0.7
1.31.3
-0.5-0.5
-0.2-0.2
-90.8-90.8
0.10.1
-0.4-0.4
0.10.1
0.00.0
-0.1-0.1
-0.2-0.2
-0.3-0.3
-0.6-0.6
-0.1-0.1
-0.0-0.0
-1.2-1.2
-89.4-89.4
-0.5-0.5
-90.2-90.2
-0.4-0.4
-1.0-1.0
-0.0-0.0
-0.7-0.7
-80.6-80.6
-1.0-1.0
-0.4-0.4
-0.1-0.1
-0.2-0.2
-0.8-0.8
-1.0-1.0
-0.2-0.2
-0.5-0.5
-1.2-1.2
0.00.0
-7.3-7.3
-0.0-0.0
-0.3-0.3
-1.3-1.3
-0.2-0.2
-0.5-0.5
-43.5-43.5
-1.0-1.0
-0.0-0.0
1.21.2
1.51.5
-0.7-0.7
1.21.2
-0.5-0.5
0.50.5
-0.2-0.2
0.10.1
-40.4-40.4
0.70.7
-0.0-0.0
-0.4-0.4
-0.0-0.0
-0.1-0.1
0.20.2
-0.1-0.1
-0.1-0.1
-0.4-0.4
-0.4-0.4
-0.6-0.6
-1.9-1.9
0.00.0
-0.6-0.6
1.21.2
0.70.7
-0.0-0.0
2.72.7
0.40.4
-1.3-1.3
-44.7-44.7
-0.4-0.4
-37.3-37.3
-0.7-0.7
2.32.3
-0.9-0.9
-0.0-0.0
-0.4-0.4
-39.6-39.6
-0.4-0.4
1.91.9
1.31.3
9.99.9
-0.7-0.7
-0.4-0.4
-0.6-0.6
-0.1-0.1
0.10.1
-1.3-1.3
0.90.9
0.90.9
2.12.1
-0.8-0.8
-0.8-0.8
-0.3-0.3
9.99.9
0.50.5
10.310.3
Итого по ФС…
Каббалкэнерго
Калмэнерго
Калугаэнерго
Карачаево-Черкесскэнерго
Карельский филиал
Кировэнерго
Костромаэнерго
Красноярскэнерго
Кубаньэнерго
Кузбассэнерго-РЭС
Курскэнерго
Ленинградская область
Липецкэнерго
Мариэнерго
Мордовэнерго
Московская область
Мурманский филиал
Нижновэнерго
Новгородский филиал
ООО «БрянскЭлектро»
Омскэнерго
Орелэнерго
Оренбургэнерго
Пензаэнерго
Пермэнерго
Псковский филиал
Россети Тюмень
Россети Янтарь
Ростовэнерго
Рязаньэнерго
Самарские РС
Саратовские РС
Свердловэнерго
Севкавказэнерго
Смоленскэнерго
Ставропольэнерго
Тамбовэнерго
Тверьэнерго
Томская распределительная компания
Тулэнерго
Удмуртэнерго
Ульяновские РС
Хакасэнерго
Челябэнерго
Читаэнерго
Чувашэнерго
Ярэнерго
г. Москва
г. Санкт-Петербург
филиал в Республике Коми
АО "Тываэнерго"
АО «ВМЭС»
АО «Воронежская горэлектросеть»
АО «Тульские городские электрические сети»
АО «Чеченэнерго»
АО «Ярославская электросетевая компания»
АО ЕЭСК
Алтайэнерго
Архангельский филиал
Астраханьэнерго
Белгородэнерго
Брянскэнерго
Бурятэнерго
Владимирэнерго
Волгоградэнерго
Вологодский филиал
Воронежэнерго
Дагэнерго
Ивэнерго
Ингушэнерго
-180
60

Статус данных
Просьба обратить внимание
— все данные не занесены
Факт
План
Итого – Факт
Отпуск в сеть 49 783 908
Отпуск из сети 45 718 992
Потери 4 064 916
Итого – План
Отпуск из сети 0
Потери 0
undefined undefined
Выполнение бизнес-плана в части показателя «Уровень потерь электроэнергии»
Показатели баланса электроэнергии по ДЗО – Факт 
57 256 396 3 856 981 9 778 647 3 075 072 476 306 6 843 010 462 838
55 054 236 3 645 880 8 867 734 2 922 288 421 425 6 355 760 417 011
2 202 160 211 102 910 913 152 783 54 881 487 250 45 827
Показатели баланса электроэнергии по ДЗО – План
58 806 842 4 033 660 10 346 741 3 272 134 504 635 7 177 213 489 942
56 540 011 3 775 836 9 338 688 3 030 349 444 962 6 646 123 429 434
2 266 831 257 824 1 008 053 241 785 59 673 531 090 60 508'

07-03-2025T10:45:07 - [TEST_STEP][PASSED] - if (urlText.contains("ошибка") || urlText.contains(searchWord) == false): null

07-03-2025T10:45:07 - [TEST_STEP][PASSED] - Script1718980020443.ZakrytOpoveshenie(): null

07-03-2025T10:45:07 - [TEST_STEP][PASSED] - delay(10): Delayed 10 second(s)

07-03-2025T10:45:17 - [MESSAGE][PASSED] - Delayed 10 second(s)

07-03-2025T10:45:17 - [TEST_STEP][PASSED] - opoveshenie = getText(findTestObject("Выполнение бизнес-плана/Просьба обратить внимание")): Text of object 'Object Repository/Выполнение бизнес-плана/Просьба обратить внимание' is: 'Просьба обратить внимание'

07-03-2025T10:45:17 - [MESSAGE][PASSED] - Text of object 'Object Repository/Выполнение бизнес-плана/Просьба обратить внимание' is: 'Просьба обратить внимание'

07-03-2025T10:45:17 - [TEST_STEP][PASSED] - println(opoveshenie): null

07-03-2025T10:45:17 - [TEST_STEP][PASSED] - if (opoveshenie == "Просьба обратить внимание"): Object: 'Object Repository/Выполнение бизнес-плана/Закрыть оповещение' is clicked on

07-03-2025T10:45:17 - [TEST_STEP][PASSED] - click(findTestObject("Выполнение бизнес-плана/Закрыть оповещение")): Object: 'Object Repository/Выполнение бизнес-плана/Закрыть оповещение' is clicked on

07-03-2025T10:45:18 - [MESSAGE][PASSED] - Object: 'Object Repository/Выполнение бизнес-плана/Закрыть оповещение' is clicked on

07-03-2025T10:45:18 - [TEST_STEP][PASSED] - click(findTestObject("Object Repository/Выполнение бизнес-плана/Фильтр Дата")): Object: 'Object Repository/Выполнение бизнес-плана/Фильтр Дата' is clicked on

07-03-2025T10:45:18 - [MESSAGE][PASSED] - Object: 'Object Repository/Выполнение бизнес-плана/Фильтр Дата' is clicked on

07-03-2025T10:45:18 - [TEST_STEP][PASSED] - click(findTestObject("Выполнение бизнес-плана/Снять выделение в фильтре Дата")): Object: 'Object Repository/Выполнение бизнес-плана/Снять выделение в фильтре Дата' is clicked on

07-03-2025T10:45:19 - [MESSAGE][PASSED] - Object: 'Object Repository/Выполнение бизнес-плана/Снять выделение в фильтре Дата' is clicked on

07-03-2025T10:45:19 - [TEST_STEP][PASSED] - click(findTestObject("Object Repository/Выполнение бизнес-плана/Применить в фильтре Дата")): Object: 'Object Repository/Выполнение бизнес-плана/Применить в фильтре Дата' is clicked on

07-03-2025T10:45:20 - [MESSAGE][PASSED] - Object: 'Object Repository/Выполнение бизнес-плана/Применить в фильтре Дата' is clicked on

07-03-2025T10:45:20 - [TEST_STEP][PASSED] - delay(50): Delayed 50 second(s)

07-03-2025T10:46:10 - [MESSAGE][PASSED] - Delayed 50 second(s)

07-03-2025T10:46:10 - [TEST_STEP][PASSED] - Script1718980020443.ZakrytOpoveshenie(): null

07-03-2025T10:46:10 - [TEST_STEP][PASSED] - delay(10): Delayed 10 second(s)

07-03-2025T10:46:20 - [MESSAGE][PASSED] - Delayed 10 second(s)

07-03-2025T10:46:20 - [TEST_STEP][PASSED] - opoveshenie = getText(findTestObject("Выполнение бизнес-плана/Просьба обратить внимание")): Text of object 'Object Repository/Выполнение бизнес-плана/Просьба обратить внимание' is: 'Просьба обратить внимание'

07-03-2025T10:46:20 - [MESSAGE][PASSED] - Text of object 'Object Repository/Выполнение бизнес-плана/Просьба обратить внимание' is: 'Просьба обратить внимание'

07-03-2025T10:46:20 - [TEST_STEP][PASSED] - println(opoveshenie): null

07-03-2025T10:46:20 - [TEST_STEP][PASSED] - if (opoveshenie == "Просьба обратить внимание"): Object: 'Object Repository/Выполнение бизнес-плана/Закрыть оповещение' is clicked on

07-03-2025T10:46:20 - [TEST_STEP][PASSED] - click(findTestObject("Выполнение бизнес-плана/Закрыть оповещение")): Object: 'Object Repository/Выполнение бизнес-плана/Закрыть оповещение' is clicked on

07-03-2025T10:46:20 - [MESSAGE][PASSED] - Object: 'Object Repository/Выполнение бизнес-плана/Закрыть оповещение' is clicked on

07-03-2025T10:46:20 - [TEST_STEP][PASSED] - click(findTestObject("Object Repository/Выполнение бизнес-плана/Фильтр Дата")): Object: 'Object Repository/Выполнение бизнес-плана/Фильтр Дата' is clicked on

07-03-2025T10:46:21 - [MESSAGE][PASSED] - Object: 'Object Repository/Выполнение бизнес-плана/Фильтр Дата' is clicked on

07-03-2025T10:46:21 - [TEST_STEP][PASSED] - scrollToElement(findTestObject("Выполнение бизнес-плана/2025 список"), 30): Scroll to object 'Object Repository/Выполнение бизнес-плана/2025 список' successfully

07-03-2025T10:46:21 - [MESSAGE][PASSED] - Scroll to object 'Object Repository/Выполнение бизнес-плана/2025 список' successfully

07-03-2025T10:46:21 - [TEST_STEP][PASSED] - click(findTestObject("Выполнение бизнес-плана/2025 список"), CONTINUE_ON_FAILURE): Object: 'Object Repository/Выполнение бизнес-плана/2025 список' is clicked on

07-03-2025T10:46:22 - [MESSAGE][PASSED] - Object: 'Object Repository/Выполнение бизнес-плана/2025 список' is clicked on

07-03-2025T10:46:22 - [TEST_STEP][PASSED] - scrollToElement(findTestObject("Выполнение бизнес-плана/1 квартал 2025 список"), 30): Scroll to object 'Object Repository/Выполнение бизнес-плана/1 квартал 2025 список' successfully

07-03-2025T10:46:22 - [MESSAGE][PASSED] - Scroll to object 'Object Repository/Выполнение бизнес-плана/1 квартал 2025 список' successfully

07-03-2025T10:46:22 - [TEST_STEP][PASSED] - click(findTestObject("Выполнение бизнес-плана/1 квартал 2025 список"), CONTINUE_ON_FAILURE): Object: 'Object Repository/Выполнение бизнес-плана/1 квартал 2025 список' is clicked on

07-03-2025T10:46:22 - [MESSAGE][PASSED] - Object: 'Object Repository/Выполнение бизнес-плана/1 квартал 2025 список' is clicked on

07-03-2025T10:46:22 - [TEST_STEP][PASSED] - scrollToElement(findTestObject("Выполнение бизнес-плана/Январь 2025"), 30): Scroll to object 'Object Repository/Выполнение бизнес-плана/Январь 2025' successfully

07-03-2025T10:46:23 - [MESSAGE][PASSED] - Scroll to object 'Object Repository/Выполнение бизнес-плана/Январь 2025' successfully

07-03-2025T10:46:23 - [TEST_STEP][PASSED] - click(findTestObject("Выполнение бизнес-плана/Январь 2025"), CONTINUE_ON_FAILURE): Object: 'Object Repository/Выполнение бизнес-плана/Январь 2025' is clicked on

07-03-2025T10:46:23 - [MESSAGE][PASSED] - Object: 'Object Repository/Выполнение бизнес-плана/Январь 2025' is clicked on

07-03-2025T10:46:23 - [TEST_STEP][PASSED] - scrollToElement(findTestObject("Выполнение бизнес-плана/Заголовок дашборда"), 30): Scroll to object 'Object Repository/Выполнение бизнес-плана/Заголовок дашборда' successfully

07-03-2025T10:46:24 - [MESSAGE][PASSED] - Scroll to object 'Object Repository/Выполнение бизнес-плана/Заголовок дашборда' successfully

07-03-2025T10:46:24 - [TEST_STEP][PASSED] - click(findTestObject("Object Repository/Выполнение бизнес-плана/Применить в фильтре Дата")): Object: 'Object Repository/Выполнение бизнес-плана/Применить в фильтре Дата' is clicked on

07-03-2025T10:46:24 - [MESSAGE][PASSED] - Object: 'Object Repository/Выполнение бизнес-плана/Применить в фильтре Дата' is clicked on

07-03-2025T10:46:24 - [TEST_STEP][PASSED] - delay(50): Delayed 50 second(s)

07-03-2025T10:47:14 - [MESSAGE][PASSED] - Delayed 50 second(s)

07-03-2025T10:47:14 - [TEST_STEP][PASSED] - Script1718980020443.ZakrytOpoveshenie(): null

07-03-2025T10:47:14 - [TEST_STEP][PASSED] - delay(10): Delayed 10 second(s)

07-03-2025T10:47:24 - [MESSAGE][PASSED] - Delayed 10 second(s)

07-03-2025T10:47:24 - [TEST_STEP][PASSED] - opoveshenie = getText(findTestObject("Выполнение бизнес-плана/Просьба обратить внимание")): Text of object 'Object Repository/Выполнение бизнес-плана/Просьба обратить внимание' is: 'Просьба обратить внимание'

07-03-2025T10:47:25 - [MESSAGE][PASSED] - Text of object 'Object Repository/Выполнение бизнес-плана/Просьба обратить внимание' is: 'Просьба обратить внимание'

07-03-2025T10:47:25 - [TEST_STEP][PASSED] - println(opoveshenie): null

07-03-2025T10:47:25 - [TEST_STEP][PASSED] - if (opoveshenie == "Просьба обратить внимание"): Object: 'Object Repository/Выполнение бизнес-плана/Закрыть оповещение' is clicked on

07-03-2025T10:47:25 - [TEST_STEP][PASSED] - click(findTestObject("Выполнение бизнес-плана/Закрыть оповещение")): Object: 'Object Repository/Выполнение бизнес-плана/Закрыть оповещение' is clicked on

07-03-2025T10:47:25 - [MESSAGE][PASSED] - Object: 'Object Repository/Выполнение бизнес-плана/Закрыть оповещение' is clicked on

07-03-2025T10:47:25 - [TEST_STEP][PASSED] - delay(30): Delayed 30 second(s)

07-03-2025T10:47:55 - [MESSAGE][PASSED] - Delayed 30 second(s)

07-03-2025T10:47:55 - [TEST_STEP][PASSED] - Script1718980020443.OpenFilter(): null

07-03-2025T10:47:55 - [TEST_STEP][PASSED] - click(findTestObject("Object Repository/Выполнение бизнес-плана/Фильтр ДЗО")): Object: 'Object Repository/Выполнение бизнес-плана/Фильтр ДЗО' is clicked on

07-03-2025T10:47:55 - [MESSAGE][PASSED] - Object: 'Object Repository/Выполнение бизнес-плана/Фильтр ДЗО' is clicked on

07-03-2025T10:47:55 - [TEST_STEP][PASSED] - click(findTestObject("Выполнение бизнес-плана/Снять выделение в фильтре ДЗО")): Object: 'Object Repository/Выполнение бизнес-плана/Снять выделение в фильтре ДЗО' is clicked on

07-03-2025T10:47:56 - [MESSAGE][PASSED] - Object: 'Object Repository/Выполнение бизнес-плана/Снять выделение в фильтре ДЗО' is clicked on

07-03-2025T10:47:56 - [TEST_STEP][PASSED] - click(findTestObject("Выполнение бизнес-плана/Раскрыть список ПАО Россети в фильтре ДЗО")): Object: 'Object Repository/Выполнение бизнес-плана/Раскрыть список ПАО Россети в фильтре ДЗО' is clicked on

07-03-2025T10:47:56 - [MESSAGE][PASSED] - Object: 'Object Repository/Выполнение бизнес-плана/Раскрыть список ПАО Россети в фильтре ДЗО' is clicked on

07-03-2025T10:47:56 - [TEST_STEP][PASSED] - click(findTestObject("Выполнение бизнес-плана/ПАО Россети")): Object: 'Object Repository/Выполнение бизнес-плана/ПАО Россети' is clicked on

07-03-2025T10:47:57 - [MESSAGE][PASSED] - Object: 'Object Repository/Выполнение бизнес-плана/ПАО Россети' is clicked on

07-03-2025T10:47:57 - [TEST_STEP][PASSED] - click(findTestObject("Object Repository/Выполнение бизнес-плана/Применить в фильтре ДЗО")): Object: 'Object Repository/Выполнение бизнес-плана/Применить в фильтре ДЗО' is clicked on

07-03-2025T10:47:58 - [MESSAGE][PASSED] - Object: 'Object Repository/Выполнение бизнес-плана/Применить в фильтре ДЗО' is clicked on

07-03-2025T10:47:58 - [TEST_STEP][PASSED] - delay(30): Delayed 30 second(s)

07-03-2025T10:48:28 - [MESSAGE][PASSED] - Delayed 30 second(s)

07-03-2025T10:48:28 - [TEST_STEP][PASSED] - x1 = getText(findTestObject("Выполнение бизнес-плана/Список ДЗО старый")): Text of object 'Object Repository/Выполнение бизнес-плана/Список ДЗО старый' is: 'Россети ФСК ЕЭС
Россети Волга
Россети Московский регион
Россети Северо-Запад
Россети Томск
Россети Урал (ГК)
Россети Янтарь
0
10
20
30
40
50
60
70'

07-03-2025T10:48:28 - [MESSAGE][PASSED] - Text of object 'Object Repository/Выполнение бизнес-плана/Список ДЗО старый' is: 'Россети ФСК ЕЭС
Россети Волга
Россети Московский регион
Россети Северо-Запад
Россети Томск
Россети Урал (ГК)
Россети Янтарь
0
10
20
30
40
50
60
70'

07-03-2025T10:48:28 - [TEST_STEP][PASSED] - dZO = "ПАО Россети": null

07-03-2025T10:48:28 - [TEST_STEP][PASSED] - a = 84: null

07-03-2025T10:48:28 - [TEST_STEP][PASSED] - Script1718980020443.Numbers(a, typeOfData, todaysDate, pageInt, fileInt, pageDouble, fileDouble, dZO, dzoNum, filialNum): null

07-03-2025T10:48:28 - [TEST_STEP][PASSED] - println(dzoNum): null

07-03-2025T10:48:28 - [TEST_STEP][PASSED] - planFact = <not implemented yet for class: org.codehaus.groovy.ast.expr.EmptyExpression>: null

07-03-2025T10:48:28 - [TEST_STEP][PASSED] - page = <not implemented yet for class: org.codehaus.groovy.ast.expr.EmptyExpression>: null

07-03-2025T10:48:28 - [TEST_STEP][PASSED] - page1 = <not implemented yet for class: org.codehaus.groovy.ast.expr.EmptyExpression>: null

07-03-2025T10:48:28 - [TEST_STEP][PASSED] - page2 = <not implemented yet for class: org.codehaus.groovy.ast.expr.EmptyExpression>: null

07-03-2025T10:48:28 - [TEST_STEP][PASSED] - filialNumberInRow = <not implemented yet for class: org.codehaus.groovy.ast.expr.EmptyExpression>: null

07-03-2025T10:48:28 - [TEST_STEP][PASSED] - filialsDzoNames = <not implemented yet for class: org.codehaus.groovy.ast.expr.EmptyExpression>: null

07-03-2025T10:48:28 - [TEST_STEP][PASSED] - numberOfFilials = <not implemented yet for class: org.codehaus.groovy.ast.expr.EmptyExpression>: null

07-03-2025T10:48:28 - [TEST_STEP][PASSED] - numberOfSpaces = <not implemented yet for class: org.codehaus.groovy.ast.expr.EmptyExpression>: null

07-03-2025T10:48:28 - [TEST_STEP][PASSED] - file = <not implemented yet for class: org.codehaus.groovy.ast.expr.EmptyExpression>: null

07-03-2025T10:48:28 - [TEST_STEP][PASSED] - otpusk = <not implemented yet for class: org.codehaus.groovy.ast.expr.EmptyExpression>: null

07-03-2025T10:48:28 - [TEST_STEP][PASSED] - poteri = <not implemented yet for class: org.codehaus.groovy.ast.expr.EmptyExpression>: null

07-03-2025T10:48:28 - [TEST_STEP][PASSED] - dataFolder = "Выполнение бизнес-плана/Значения со страницы Выполнение бизнес-плана/": null

07-03-2025T10:48:28 - [TEST_STEP][PASSED] - path = <not implemented yet for class: org.codehaus.groovy.ast.expr.EmptyExpression>: null

07-03-2025T10:48:28 - [TEST_STEP][PASSED] - typeOfDataMain = <not implemented yet for class: org.codehaus.groovy.ast.expr.EmptyExpression>: null

07-03-2025T10:48:28 - [TEST_STEP][PASSED] - fileOtpuskVSet = <not implemented yet for class: org.codehaus.groovy.ast.expr.EmptyExpression>: null

07-03-2025T10:48:28 - [TEST_STEP][PASSED] - pageOtpuskVSet = <not implemented yet for class: org.codehaus.groovy.ast.expr.EmptyExpression>: null

07-03-2025T10:48:28 - [TEST_STEP][PASSED] - filePoteri = <not implemented yet for class: org.codehaus.groovy.ast.expr.EmptyExpression>: null

07-03-2025T10:48:28 - [TEST_STEP][PASSED] - pagePoteri = <not implemented yet for class: org.codehaus.groovy.ast.expr.EmptyExpression>: null

07-03-2025T10:48:28 - [TEST_STEP][PASSED] - compare = <not implemented yet for class: org.codehaus.groovy.ast.expr.EmptyExpression>: null

07-03-2025T10:48:28 - [TEST_STEP][PASSED] - b = <not implemented yet for class: org.codehaus.groovy.ast.expr.EmptyExpression>: null

07-03-2025T10:48:28 - [TEST_STEP][PASSED] - i = <not implemented yet for class: org.codehaus.groovy.ast.expr.EmptyExpression>: null

07-03-2025T10:48:28 - [TEST_STEP][PASSED] - ii = <not implemented yet for class: org.codehaus.groovy.ast.expr.EmptyExpression>: null

07-03-2025T10:48:28 - [TEST_STEP][PASSED] - c = <not implemented yet for class: org.codehaus.groovy.ast.expr.EmptyExpression>: null

07-03-2025T10:48:28 - [TEST_STEP][PASSED] - numberOfErrors = 0: null

07-03-2025T10:48:28 - [TEST_STEP][PASSED] - if (a == 82): null

07-03-2025T10:48:28 - [TEST_STEP][PASSED] - b = findTestData("PlanFact").getValue(1, a): null

07-03-2025T10:48:28 - [TEST_STEP][PASSED] - i = b.indexOf(" (ГК)"): null

07-03-2025T10:48:28 - [TEST_STEP][PASSED] - if (i > -1): null

07-03-2025T10:48:28 - [TEST_STEP][PASSED] - i = b.indexOf("О ""): null

07-03-2025T10:48:28 - [TEST_STEP][PASSED] - if (i > -1): null

07-03-2025T10:48:28 - [TEST_STEP][PASSED] - i = b.indexOf("О «"): null

07-03-2025T10:48:28 - [TEST_STEP][PASSED] - if (i > -1): null

07-03-2025T10:48:28 - [TEST_STEP][PASSED] - i = b.indexOf("г. "): null

07-03-2025T10:48:28 - [TEST_STEP][PASSED] - if (i > -1): null

07-03-2025T10:48:28 - [TEST_STEP][PASSED] - b = b.trim(): null

07-03-2025T10:48:28 - [TEST_STEP][PASSED] - println(b): null

07-03-2025T10:48:28 - [TEST_STEP][PASSED] - for ([planFact = 1, planFact < 3, (planFact++)]): null

07-03-2025T10:48:28 - [TEST_STEP][PASSED] - if (planFact == 1): null

07-03-2025T10:48:28 - [TEST_STEP][PASSED] - typeOfDataMain = "Факт": null

07-03-2025T10:48:28 - [TEST_STEP][PASSED] - otpusk = findTestData("PlanFact").getValue(5, a): null

07-03-2025T10:48:28 - [TEST_STEP][PASSED] - poteri = findTestData("PlanFact").getValue(6, a): null

07-03-2025T10:48:29 - [TEST_STEP][PASSED] - otpusk = otpusk.replaceAll("\s+", ""): null

07-03-2025T10:48:29 - [TEST_STEP][PASSED] - poteri = poteri.replaceAll("\s+", ""): null

07-03-2025T10:48:29 - [TEST_STEP][PASSED] - typeOfData = typeOfDataMain + " Отпуск в сеть": null

07-03-2025T10:48:29 - [TEST_STEP][PASSED] - if (a == 82): null

07-03-2025T10:48:29 - [TEST_STEP][PASSED] - else if (a == 84): null

07-03-2025T10:48:29 - [TEST_STEP][PASSED] - path = dataFolder + typeOfData + " за отчётный период " + "ПАО Россети": null

07-03-2025T10:48:29 - [TEST_STEP][PASSED] - println(path): null

07-03-2025T10:48:29 - [TEST_STEP][PASSED] - page = getText(findTestObject(path)): Text of object 'Object Repository/Выполнение бизнес-плана/Значения со страницы Выполнение бизнес-плана/Факт Отпуск в сеть за отчётный период ПАО Россети' is: ''

07-03-2025T10:48:29 - [MESSAGE][PASSED] - Text of object 'Object Repository/Выполнение бизнес-плана/Значения со страницы Выполнение бизнес-плана/Факт Отпуск в сеть за отчётный период ПАО Россети' is: ''

07-03-2025T10:48:29 - [TEST_STEP][PASSED] - if (page == "" || page == null): null

07-03-2025T10:48:29 - [TEST_STEP][PASSED] - fileInt = otpusk.toInteger(): null

07-03-2025T10:48:29 - [TEST_STEP][PASSED] - Script1718980020443.WriteToExcelNoData(a, typeOfData, todaysDate, fileInt, fileDouble, dZO): null

07-03-2025T10:48:29 - [TEST_STEP][PASSED] - sheetName = "Sheet1": null

07-03-2025T10:48:29 - [TEST_STEP][PASSED] - data = findTestData("PlanFact"): null

07-03-2025T10:48:29 - [TEST_STEP][PASSED] - n = data.getRowNumbers() + 1: null

07-03-2025T10:48:29 - [TEST_STEP][PASSED] - day = ")).toInteger(): null

07-03-2025T10:48:29 - [TEST_STEP][PASSED] - println(day): null

07-03-2025T10:48:29 - [TEST_STEP][PASSED] - month = ")).toInteger(): null

07-03-2025T10:48:29 - [TEST_STEP][PASSED] - println(month): null

07-03-2025T10:48:29 - [TEST_STEP][PASSED] - y = <not implemented yet for class: org.codehaus.groovy.ast.expr.EmptyExpression>: null

07-03-2025T10:48:29 - [TEST_STEP][PASSED] - iy = <not implemented yet for class: org.codehaus.groovy.ast.expr.EmptyExpression>: null

07-03-2025T10:48:29 - [TEST_STEP][PASSED] - m = getText(findTestObject("Выполнение бизнес-плана/Период")): Text of object 'Object Repository/Выполнение бизнес-плана/Период' is: 'Январь 2025 года'

07-03-2025T10:48:29 - [MESSAGE][PASSED] - Text of object 'Object Repository/Выполнение бизнес-плана/Период' is: 'Январь 2025 года'

07-03-2025T10:48:29 - [TEST_STEP][PASSED] - iy = m.indexOf("20"): null

07-03-2025T10:48:29 - [TEST_STEP][PASSED] - if (iy > -1): null

07-03-2025T10:48:29 - [TEST_STEP][PASSED] - y = substring(iy, iy + 4).toInteger(): null

07-03-2025T10:48:29 - [TEST_STEP][PASSED] - println(y): null

07-03-2025T10:48:29 - [TEST_STEP][PASSED] - if (toString().length() == 4): null

07-03-2025T10:48:29 - [TEST_STEP][PASSED] - m = m.substring(0, m.indexOf(y.toString())): null

07-03-2025T10:48:29 - [TEST_STEP][PASSED] - m = m.trim(): null

07-03-2025T10:48:29 - [TEST_STEP][PASSED] - if (m == ""): null

07-03-2025T10:48:29 - [TEST_STEP][PASSED] - dashboardName = "Выполнение бизнес-плана": null

07-03-2025T10:48:29 - [TEST_STEP][PASSED] - workbook01 = getWorkbook(excelFilePath): null

07-03-2025T10:48:29 - [TEST_STEP][PASSED] - sheet01 = getExcelSheet(workbook01, sheetName): null

07-03-2025T10:48:29 - [TEST_STEP][PASSED] - setValueToCellByIndex(sheet01, n, 0, dashboardName): null

07-03-2025T10:48:29 - [TEST_STEP][PASSED] - setValueToCellByIndex(sheet01, n, 1, dZO): null

07-03-2025T10:48:29 - [TEST_STEP][PASSED] - setValueToCellByIndex(sheet01, n, 2, typeOfData): null

07-03-2025T10:48:29 - [TEST_STEP][PASSED] - if (typeOfData == "Факт в процентах" || typeOfData == "План в процентах"): null

07-03-2025T10:48:29 - [TEST_STEP][PASSED] - else: null

07-03-2025T10:48:29 - [TEST_STEP][PASSED] - setValueToCellByIndex(sheet01, n, 3, fileInt): null

07-03-2025T10:48:29 - [TEST_STEP][PASSED] - setValueToCellByIndex(sheet01, n, 4, "нет данных"): null

07-03-2025T10:48:29 - [TEST_STEP][PASSED] - setValueToCellByIndex(sheet01, n, 5, m): null

07-03-2025T10:48:29 - [TEST_STEP][PASSED] - setValueToCellByIndex(sheet01, n, 6, y): null

07-03-2025T10:48:30 - [TEST_STEP][PASSED] - setValueToCellByIndex(sheet01, n, 7, todaysDate): null

07-03-2025T10:48:30 - [TEST_STEP][PASSED] - n = n + 1: null

07-03-2025T10:48:30 - [TEST_STEP][PASSED] - saveWorkbook(excelFilePath, workbook01): null

07-03-2025T10:48:30 - [TEST_STEP][PASSED] - typeOfData = typeOfDataMain + " Потери": null

07-03-2025T10:48:30 - [TEST_STEP][PASSED] - if (a == 82): null

07-03-2025T10:48:30 - [TEST_STEP][PASSED] - else if (a == 84): null

07-03-2025T10:48:30 - [TEST_STEP][PASSED] - path = dataFolder + typeOfData + " за отчётный период " + "ПАО Россети": null

07-03-2025T10:48:30 - [TEST_STEP][PASSED] - page = getText(findTestObject(path)): Text of object 'Object Repository/Выполнение бизнес-плана/Значения со страницы Выполнение бизнес-плана/Факт Потери за отчётный период ПАО Россети' is: '0'

07-03-2025T10:48:30 - [MESSAGE][PASSED] - Text of object 'Object Repository/Выполнение бизнес-плана/Значения со страницы Выполнение бизнес-плана/Факт Потери за отчётный период ПАО Россети' is: '0'

07-03-2025T10:48:30 - [TEST_STEP][PASSED] - if (page == "" || page == null): null

07-03-2025T10:48:30 - [TEST_STEP][PASSED] - else: null

07-03-2025T10:48:30 - [TEST_STEP][PASSED] - page = page.replaceAll("\s+", ""): null

07-03-2025T10:48:30 - [TEST_STEP][PASSED] - filePoteri = poteri.toInteger(): null

07-03-2025T10:48:30 - [TEST_STEP][PASSED] - pagePoteri = page.toInteger(): null

07-03-2025T10:48:30 - [TEST_STEP][PASSED] - compare = pageOtpuskVSet: null

07-03-2025T10:48:30 - [TEST_STEP][PASSED] - if (pageOtpuskVSet != null): null

07-03-2025T10:48:30 - [TEST_STEP][PASSED] - if (compare == fileOtpuskVSet): null

07-03-2025T10:48:30 - [TEST_STEP][PASSED] - if (compare == fileOtpuskVSet): null

07-03-2025T10:48:30 - [TEST_STEP][PASSED] - compare = pagePoteri: null

07-03-2025T10:48:30 - [TEST_STEP][PASSED] - if (pageOtpuskVSet != null): null

07-03-2025T10:48:30 - [TEST_STEP][PASSED] - if (compare == filePoteri): null

07-03-2025T10:48:30 - [TEST_STEP][PASSED] - else if (compare > filePoteri): null

07-03-2025T10:48:30 - [TEST_STEP][PASSED] - else if (compare < filePoteri): null

07-03-2025T10:48:30 - [TEST_STEP][PASSED] - compare = compare + 1: null

07-03-2025T10:48:30 - [TEST_STEP][PASSED] - if (compare == filePoteri): null

07-03-2025T10:48:30 - [TEST_STEP][PASSED] - else: null

07-03-2025T10:48:30 - [TEST_STEP][PASSED] - numberOfErrors = numberOfErrors + 1: null

07-03-2025T10:48:30 - [TEST_STEP][PASSED] - pageInt = pagePoteri: null

07-03-2025T10:48:30 - [TEST_STEP][PASSED] - fileInt = filePoteri: null

07-03-2025T10:48:30 - [TEST_STEP][PASSED] - typeOfData = typeOfDataMain + " Потери": null

07-03-2025T10:48:30 - [TEST_STEP][PASSED] - Script1718980020443.WriteToExcel(a, typeOfData, todaysDate, pageInt, fileInt, pageDouble, fileDouble, dZO): null

07-03-2025T10:48:30 - [TEST_STEP][PASSED] - sheetName = "Sheet1": null

07-03-2025T10:48:30 - [TEST_STEP][PASSED] - data = findTestData("PlanFact"): null

07-03-2025T10:48:30 - [TEST_STEP][PASSED] - n = data.getRowNumbers() + 1: null

07-03-2025T10:48:30 - [TEST_STEP][PASSED] - day = ")).toInteger(): null

07-03-2025T10:48:30 - [TEST_STEP][PASSED] - println(day): null

07-03-2025T10:48:30 - [TEST_STEP][PASSED] - month = ")).toInteger(): null

07-03-2025T10:48:30 - [TEST_STEP][PASSED] - println(month): null

07-03-2025T10:48:30 - [TEST_STEP][PASSED] - y = <not implemented yet for class: org.codehaus.groovy.ast.expr.EmptyExpression>: null

07-03-2025T10:48:30 - [TEST_STEP][PASSED] - iy = <not implemented yet for class: org.codehaus.groovy.ast.expr.EmptyExpression>: null

07-03-2025T10:48:30 - [TEST_STEP][PASSED] - m = getText(findTestObject("Выполнение бизнес-плана/Период")): Text of object 'Object Repository/Выполнение бизнес-плана/Период' is: 'Январь 2025 года'

07-03-2025T10:48:31 - [MESSAGE][PASSED] - Text of object 'Object Repository/Выполнение бизнес-плана/Период' is: 'Январь 2025 года'

07-03-2025T10:48:31 - [TEST_STEP][PASSED] - iy = m.indexOf("20"): null

07-03-2025T10:48:31 - [TEST_STEP][PASSED] - if (iy > -1): null

07-03-2025T10:48:31 - [TEST_STEP][PASSED] - y = substring(iy, iy + 4).toInteger(): null

07-03-2025T10:48:31 - [TEST_STEP][PASSED] - println(y): null

07-03-2025T10:48:31 - [TEST_STEP][PASSED] - if (toString().length() == 4): null

07-03-2025T10:48:31 - [TEST_STEP][PASSED] - m = m.substring(0, m.indexOf(y.toString())): null

07-03-2025T10:48:31 - [TEST_STEP][PASSED] - m = m.trim(): null

07-03-2025T10:48:31 - [TEST_STEP][PASSED] - if (m == ""): null

07-03-2025T10:48:31 - [TEST_STEP][PASSED] - dashboardName = "Выполнение бизнес-плана": null

07-03-2025T10:48:31 - [TEST_STEP][PASSED] - workbook01 = getWorkbook(excelFilePath): null

07-03-2025T10:48:31 - [TEST_STEP][PASSED] - sheet01 = getExcelSheet(workbook01, sheetName): null

07-03-2025T10:48:31 - [TEST_STEP][PASSED] - setValueToCellByIndex(sheet01, n, 0, dashboardName): null

07-03-2025T10:48:31 - [TEST_STEP][PASSED] - setValueToCellByIndex(sheet01, n, 1, dZO): null

07-03-2025T10:48:31 - [TEST_STEP][PASSED] - setValueToCellByIndex(sheet01, n, 2, typeOfData): null

07-03-2025T10:48:31 - [TEST_STEP][PASSED] - if (typeOfData == "Факт в процентах" || typeOfData == "План в процентах"): null

07-03-2025T10:48:31 - [TEST_STEP][PASSED] - else: null

07-03-2025T10:48:31 - [TEST_STEP][PASSED] - setValueToCellByIndex(sheet01, n, 3, fileInt): null

07-03-2025T10:48:31 - [TEST_STEP][PASSED] - setValueToCellByIndex(sheet01, n, 4, pageInt): null

07-03-2025T10:48:31 - [TEST_STEP][PASSED] - setValueToCellByIndex(sheet01, n, 5, m): null

07-03-2025T10:48:31 - [TEST_STEP][PASSED] - setValueToCellByIndex(sheet01, n, 6, y): null

07-03-2025T10:48:31 - [TEST_STEP][PASSED] - setValueToCellByIndex(sheet01, n, 7, todaysDate): null

07-03-2025T10:48:31 - [TEST_STEP][PASSED] - n = n + 1: null

07-03-2025T10:48:31 - [TEST_STEP][ERROR] - saveWorkbook(excelFilePath, workbook01): Test Cases/Выполнение бизнес-плана/Выполнение бизнес-плана Сверка ПАО Россети все филиалы FAILED.
Reason:
java.lang.NumberFormatException: For input string: "undefined"
	at Выполнение бизнес-плана Сверка ПАО Россети все филиалы.Numbers(Выполнение бизнес-плана Сверка ПАО Россети все филиалы:600)
	at Выполнение бизнес-плана Сверка ПАО Россети все филиалы.run(Выполнение бизнес-плана Сверка ПАО Россети все филиалы:172)
	at com.kms.katalon.core.main.ScriptEngine.run(ScriptEngine.java:194)
	at com.kms.katalon.core.main.ScriptEngine.runScriptAsRawText(ScriptEngine.java:119)
	at com.kms.katalon.core.main.TestCaseExecutor.runScript(TestCaseExecutor.java:448)
	at com.kms.katalon.core.main.TestCaseExecutor.doExecute(TestCaseExecutor.java:439)
	at com.kms.katalon.core.main.TestCaseExecutor.processExecutionPhase(TestCaseExecutor.java:418)
	at com.kms.katalon.core.main.TestCaseExecutor.accessMainPhase(TestCaseExecutor.java:410)
	at com.kms.katalon.core.main.TestCaseExecutor.execute(TestCaseExecutor.java:285)
	at com.kms.katalon.core.common.CommonExecutor.accessTestCaseMainPhase(CommonExecutor.java:65)
	at com.kms.katalon.core.main.TestSuiteExecutor.accessTestSuiteMainPhase(TestSuiteExecutor.java:150)
	at com.kms.katalon.core.main.TestSuiteExecutor.execute(TestSuiteExecutor.java:106)
	at com.kms.katalon.core.main.TestCaseMain.startTestSuite(TestCaseMain.java:180)
	at TempTestSuite1741333418404.run(TempTestSuite1741333418404.groovy:35)
	at java.base/jdk.internal.reflect.NativeMethodAccessorImpl.invoke0(Native Method)
	at java.base/jdk.internal.reflect.NativeMethodAccessorImpl.invoke(NativeMethodAccessorImpl.java:77)
	at java.base/jdk.internal.reflect.DelegatingMethodAccessorImpl.invoke(DelegatingMethodAccessorImpl.java:43)


07-03-2025T10:48:31 - [TEST_STEP][PASSED] - if (planFact == 2): null

07-03-2025T10:48:31 - [TEST_STEP][PASSED] - if (planFact == 1): null

07-03-2025T10:48:31 - [TEST_STEP][PASSED] - else if (planFact == 2): null

07-03-2025T10:48:31 - [TEST_STEP][PASSED] - click(findTestObject("Выполнение бизнес-плана/Кнопка План")): Object: 'Object Repository/Выполнение бизнес-плана/Кнопка План' is clicked on

07-03-2025T10:48:31 - [MESSAGE][PASSED] - Object: 'Object Repository/Выполнение бизнес-плана/Кнопка План' is clicked on

07-03-2025T10:48:31 - [TEST_STEP][PASSED] - typeOfDataMain = "План": null

07-03-2025T10:48:31 - [TEST_STEP][PASSED] - otpusk = findTestData("PlanFact").getValue(2, a): null

07-03-2025T10:48:32 - [TEST_STEP][PASSED] - poteri = findTestData("PlanFact").getValue(3, a): null

07-03-2025T10:48:32 - [TEST_STEP][PASSED] - otpusk = otpusk.replaceAll("\s+", ""): null

07-03-2025T10:48:32 - [TEST_STEP][PASSED] - poteri = poteri.replaceAll("\s+", ""): null

07-03-2025T10:48:32 - [TEST_STEP][PASSED] - typeOfData = typeOfDataMain + " Отпуск в сеть": null

07-03-2025T10:48:32 - [TEST_STEP][PASSED] - if (a == 82): null

07-03-2025T10:48:32 - [TEST_STEP][PASSED] - else if (a == 84): null

07-03-2025T10:48:32 - [TEST_STEP][PASSED] - path = dataFolder + typeOfData + " за отчётный период " + "ПАО Россети": null

07-03-2025T10:48:32 - [TEST_STEP][PASSED] - println(path): null

07-03-2025T10:48:32 - [TEST_STEP][PASSED] - page = getText(findTestObject(path)): Text of object 'Object Repository/Выполнение бизнес-плана/Значения со страницы Выполнение бизнес-плана/План Отпуск в сеть за отчётный период ПАО Россети' is: '0'

07-03-2025T10:48:32 - [MESSAGE][PASSED] - Text of object 'Object Repository/Выполнение бизнес-плана/Значения со страницы Выполнение бизнес-плана/План Отпуск в сеть за отчётный период ПАО Россети' is: '0'

07-03-2025T10:48:32 - [TEST_STEP][PASSED] - if (page == "" || page == null): null

07-03-2025T10:48:32 - [TEST_STEP][PASSED] - else: null

07-03-2025T10:48:32 - [TEST_STEP][PASSED] - page = page.replaceAll("\s+", ""): null

07-03-2025T10:48:32 - [TEST_STEP][PASSED] - fileOtpuskVSet = otpusk.toInteger(): null

07-03-2025T10:48:32 - [TEST_STEP][PASSED] - pageOtpuskVSet = page.toInteger(): null

07-03-2025T10:48:32 - [TEST_STEP][PASSED] - typeOfData = typeOfDataMain + " Потери": null

07-03-2025T10:48:32 - [TEST_STEP][PASSED] - if (a == 82): null

07-03-2025T10:48:32 - [TEST_STEP][PASSED] - else if (a == 84): null

07-03-2025T10:48:32 - [TEST_STEP][PASSED] - path = dataFolder + typeOfData + " за отчётный период " + "ПАО Россети": null

07-03-2025T10:48:32 - [TEST_STEP][PASSED] - page = getText(findTestObject(path)): Text of object 'Object Repository/Выполнение бизнес-плана/Значения со страницы Выполнение бизнес-плана/План Потери за отчётный период ПАО Россети' is: 'undefined'

07-03-2025T10:48:32 - [MESSAGE][PASSED] - Text of object 'Object Repository/Выполнение бизнес-плана/Значения со страницы Выполнение бизнес-плана/План Потери за отчётный период ПАО Россети' is: 'undefined'

07-03-2025T10:48:32 - [TEST_STEP][PASSED] - if (page == "" || page == null): null

07-03-2025T10:48:32 - [TEST_STEP][ERROR] - else: Test Cases/Выполнение бизнес-плана/Выполнение бизнес-плана Сверка ПАО Россети все филиалы FAILED.
Reason:
java.lang.NumberFormatException: For input string: "undefined"
	at Выполнение бизнес-плана Сверка ПАО Россети все филиалы.Numbers(Выполнение бизнес-плана Сверка ПАО Россети все филиалы:600)
	at Выполнение бизнес-плана Сверка ПАО Россети все филиалы.run(Выполнение бизнес-плана Сверка ПАО Россети все филиалы:172)
	at com.kms.katalon.core.main.ScriptEngine.run(ScriptEngine.java:194)
	at com.kms.katalon.core.main.ScriptEngine.runScriptAsRawText(ScriptEngine.java:119)
	at com.kms.katalon.core.main.TestCaseExecutor.runScript(TestCaseExecutor.java:448)
	at com.kms.katalon.core.main.TestCaseExecutor.doExecute(TestCaseExecutor.java:439)
	at com.kms.katalon.core.main.TestCaseExecutor.processExecutionPhase(TestCaseExecutor.java:418)
	at com.kms.katalon.core.main.TestCaseExecutor.accessMainPhase(TestCaseExecutor.java:410)
	at com.kms.katalon.core.main.TestCaseExecutor.execute(TestCaseExecutor.java:285)
	at com.kms.katalon.core.common.CommonExecutor.accessTestCaseMainPhase(CommonExecutor.java:65)
	at com.kms.katalon.core.main.TestSuiteExecutor.accessTestSuiteMainPhase(TestSuiteExecutor.java:150)
	at com.kms.katalon.core.main.TestSuiteExecutor.execute(TestSuiteExecutor.java:106)
	at com.kms.katalon.core.main.TestCaseMain.startTestSuite(TestCaseMain.java:180)
	at TempTestSuite1741333418404.run(TempTestSuite1741333418404.groovy:35)
	at java.base/jdk.internal.reflect.NativeMethodAccessorImpl.invoke0(Native Method)
	at java.base/jdk.internal.reflect.NativeMethodAccessorImpl.invoke(NativeMethodAccessorImpl.java:77)
	at java.base/jdk.internal.reflect.DelegatingMethodAccessorImpl.invoke(DelegatingMethodAccessorImpl.java:43)


07-03-2025T10:48:32 - [TEST_STEP][PASSED] - page = page.replaceAll("\s+", ""): null

07-03-2025T10:48:32 - [TEST_STEP][PASSED] - filePoteri = poteri.toInteger(): null

07-03-2025T10:48:32 - [TEST_STEP][ERROR] - pagePoteri = page.toInteger(): Test Cases/Выполнение бизнес-плана/Выполнение бизнес-плана Сверка ПАО Россети все филиалы FAILED.
Reason:
java.lang.NumberFormatException: For input string: "undefined"
	at Выполнение бизнес-плана Сверка ПАО Россети все филиалы.Numbers(Выполнение бизнес-плана Сверка ПАО Россети все филиалы:600)
	at Выполнение бизнес-плана Сверка ПАО Россети все филиалы.run(Выполнение бизнес-плана Сверка ПАО Россети все филиалы:172)
	at com.kms.katalon.core.main.ScriptEngine.run(ScriptEngine.java:194)
	at com.kms.katalon.core.main.ScriptEngine.runScriptAsRawText(ScriptEngine.java:119)
	at com.kms.katalon.core.main.TestCaseExecutor.runScript(TestCaseExecutor.java:448)
	at com.kms.katalon.core.main.TestCaseExecutor.doExecute(TestCaseExecutor.java:439)
	at com.kms.katalon.core.main.TestCaseExecutor.processExecutionPhase(TestCaseExecutor.java:418)
	at com.kms.katalon.core.main.TestCaseExecutor.accessMainPhase(TestCaseExecutor.java:410)
	at com.kms.katalon.core.main.TestCaseExecutor.execute(TestCaseExecutor.java:285)
	at com.kms.katalon.core.common.CommonExecutor.accessTestCaseMainPhase(CommonExecutor.java:65)
	at com.kms.katalon.core.main.TestSuiteExecutor.accessTestSuiteMainPhase(TestSuiteExecutor.java:150)
	at com.kms.katalon.core.main.TestSuiteExecutor.execute(TestSuiteExecutor.java:106)
	at com.kms.katalon.core.main.TestCaseMain.startTestSuite(TestCaseMain.java:180)
	at TempTestSuite1741333418404.run(TempTestSuite1741333418404.groovy:35)
	at java.base/jdk.internal.reflect.NativeMethodAccessorImpl.invoke0(Native Method)
	at java.base/jdk.internal.reflect.NativeMethodAccessorImpl.invoke(NativeMethodAccessorImpl.java:77)
	at java.base/jdk.internal.reflect.DelegatingMethodAccessorImpl.invoke(DelegatingMethodAccessorImpl.java:43)


07-03-2025T10:48:32 - [MESSAGE][ERROR] - Test Cases/Выполнение бизнес-плана/Выполнение бизнес-плана Сверка ПАО Россети все филиалы FAILED.
Reason:
java.lang.NumberFormatException: For input string: "undefined"
	at Выполнение бизнес-плана Сверка ПАО Россети все филиалы.Numbers(Выполнение бизнес-плана Сверка ПАО Россети все филиалы:600)
	at Выполнение бизнес-плана Сверка ПАО Россети все филиалы.run(Выполнение бизнес-плана Сверка ПАО Россети все филиалы:172)
	at com.kms.katalon.core.main.ScriptEngine.run(ScriptEngine.java:194)
	at com.kms.katalon.core.main.ScriptEngine.runScriptAsRawText(ScriptEngine.java:119)
	at com.kms.katalon.core.main.TestCaseExecutor.runScript(TestCaseExecutor.java:448)
	at com.kms.katalon.core.main.TestCaseExecutor.doExecute(TestCaseExecutor.java:439)
	at com.kms.katalon.core.main.TestCaseExecutor.processExecutionPhase(TestCaseExecutor.java:418)
	at com.kms.katalon.core.main.TestCaseExecutor.accessMainPhase(TestCaseExecutor.java:410)
	at com.kms.katalon.core.main.TestCaseExecutor.execute(TestCaseExecutor.java:285)
	at com.kms.katalon.core.common.CommonExecutor.accessTestCaseMainPhase(CommonExecutor.java:65)
	at com.kms.katalon.core.main.TestSuiteExecutor.accessTestSuiteMainPhase(TestSuiteExecutor.java:150)
	at com.kms.katalon.core.main.TestSuiteExecutor.execute(TestSuiteExecutor.java:106)
	at com.kms.katalon.core.main.TestCaseMain.startTestSuite(TestCaseMain.java:180)
	at TempTestSuite1741333418404.run(TempTestSuite1741333418404.groovy:35)
	at java.base/jdk.internal.reflect.NativeMethodAccessorImpl.invoke0(Native Method)
	at java.base/jdk.internal.reflect.NativeMethodAccessorImpl.invoke(NativeMethodAccessorImpl.java:77)
	at java.base/jdk.internal.reflect.DelegatingMethodAccessorImpl.invoke(DelegatingMethodAccessorImpl.java:43)]]></system-out>
         <system-err><![CDATA[07-03-2025T10:43:43 - [TEST_CASE][ERROR] - Test Cases/Выполнение бизнес-плана/Выполнение бизнес-плана Сверка ПАО Россети все филиалы: Test Cases/Выполнение бизнес-плана/Выполнение бизнес-плана Сверка ПАО Россети все филиалы FAILED.
Reason:
java.lang.NumberFormatException: For input string: "undefined"
	at Выполнение бизнес-плана Сверка ПАО Россети все филиалы.Numbers(Выполнение бизнес-плана Сверка ПАО Россети все филиалы:600)
	at Выполнение бизнес-плана Сверка ПАО Россети все филиалы.run(Выполнение бизнес-плана Сверка ПАО Россети все филиалы:172)
	at com.kms.katalon.core.main.ScriptEngine.run(ScriptEngine.java:194)
	at com.kms.katalon.core.main.ScriptEngine.runScriptAsRawText(ScriptEngine.java:119)
	at com.kms.katalon.core.main.TestCaseExecutor.runScript(TestCaseExecutor.java:448)
	at com.kms.katalon.core.main.TestCaseExecutor.doExecute(TestCaseExecutor.java:439)
	at com.kms.katalon.core.main.TestCaseExecutor.processExecutionPhase(TestCaseExecutor.java:418)
	at com.kms.katalon.core.main.TestCaseExecutor.accessMainPhase(TestCaseExecutor.java:410)
	at com.kms.katalon.core.main.TestCaseExecutor.execute(TestCaseExecutor.java:285)
	at com.kms.katalon.core.common.CommonExecutor.accessTestCaseMainPhase(CommonExecutor.java:65)
	at com.kms.katalon.core.main.TestSuiteExecutor.accessTestSuiteMainPhase(TestSuiteExecutor.java:150)
	at com.kms.katalon.core.main.TestSuiteExecutor.execute(TestSuiteExecutor.java:106)
	at com.kms.katalon.core.main.TestCaseMain.startTestSuite(TestCaseMain.java:180)
	at TempTestSuite1741333418404.run(TempTestSuite1741333418404.groovy:35)
	at java.base/jdk.internal.reflect.NativeMethodAccessorImpl.invoke0(Native Method)
	at java.base/jdk.internal.reflect.NativeMethodAccessorImpl.invoke(NativeMethodAccessorImpl.java:77)
	at java.base/jdk.internal.reflect.DelegatingMethodAccessorImpl.invoke(DelegatingMethodAccessorImpl.java:43)]]></system-err>
      </testcase>
      <system-out><![CDATA[07-03-2025T10:43:42 - [TEST_SUITE][ERROR] - Сверка с ПБЭ: Test Cases/Выполнение бизнес-плана/Выполнение бизнес-плана Сверка ПАО Россети все филиалы FAILED.
Reason:
java.lang.NumberFormatException: For input string: "undefined"
	at Выполнение бизнес-плана Сверка ПАО Россети все филиалы.Numbers(Выполнение бизнес-плана Сверка ПАО Россети все филиалы:600)
	at Выполнение бизнес-плана Сверка ПАО Россети все филиалы.run(Выполнение бизнес-плана Сверка ПАО Россети все филиалы:172)
	at com.kms.katalon.core.main.ScriptEngine.run(ScriptEngine.java:194)
	at com.kms.katalon.core.main.ScriptEngine.runScriptAsRawText(ScriptEngine.java:119)
	at com.kms.katalon.core.main.TestCaseExecutor.runScript(TestCaseExecutor.java:448)
	at com.kms.katalon.core.main.TestCaseExecutor.doExecute(TestCaseExecutor.java:439)
	at com.kms.katalon.core.main.TestCaseExecutor.processExecutionPhase(TestCaseExecutor.java:418)
	at com.kms.katalon.core.main.TestCaseExecutor.accessMainPhase(TestCaseExecutor.java:410)
	at com.kms.katalon.core.main.TestCaseExecutor.execute(TestCaseExecutor.java:285)
	at com.kms.katalon.core.common.CommonExecutor.accessTestCaseMainPhase(CommonExecutor.java:65)
	at com.kms.katalon.core.main.TestSuiteExecutor.accessTestSuiteMainPhase(TestSuiteExecutor.java:150)
	at com.kms.katalon.core.main.TestSuiteExecutor.execute(TestSuiteExecutor.java:106)
	at com.kms.katalon.core.main.TestCaseMain.startTestSuite(TestCaseMain.java:180)
	at TempTestSuite1741333418404.run(TempTestSuite1741333418404.groovy:35)
	at java.base/jdk.internal.reflect.NativeMethodAccessorImpl.invoke0(Native Method)
	at java.base/jdk.internal.reflect.NativeMethodAccessorImpl.invoke(NativeMethodAccessorImpl.java:77)
	at java.base/jdk.internal.reflect.DelegatingMethodAccessorImpl.invoke(DelegatingMethodAccessorImpl.java:43)]]></system-out>
      <system-err><![CDATA[07-03-2025T10:43:42 - [TEST_SUITE][ERROR] - Сверка с ПБЭ: Test Cases/Выполнение бизнес-плана/Выполнение бизнес-плана Сверка ПАО Россети все филиалы FAILED.
Reason:
java.lang.NumberFormatException: For input string: "undefined"
	at Выполнение бизнес-плана Сверка ПАО Россети все филиалы.Numbers(Выполнение бизнес-плана Сверка ПАО Россети все филиалы:600)
	at Выполнение бизнес-плана Сверка ПАО Россети все филиалы.run(Выполнение бизнес-плана Сверка ПАО Россети все филиалы:172)
	at com.kms.katalon.core.main.ScriptEngine.run(ScriptEngine.java:194)
	at com.kms.katalon.core.main.ScriptEngine.runScriptAsRawText(ScriptEngine.java:119)
	at com.kms.katalon.core.main.TestCaseExecutor.runScript(TestCaseExecutor.java:448)
	at com.kms.katalon.core.main.TestCaseExecutor.doExecute(TestCaseExecutor.java:439)
	at com.kms.katalon.core.main.TestCaseExecutor.processExecutionPhase(TestCaseExecutor.java:418)
	at com.kms.katalon.core.main.TestCaseExecutor.accessMainPhase(TestCaseExecutor.java:410)
	at com.kms.katalon.core.main.TestCaseExecutor.execute(TestCaseExecutor.java:285)
	at com.kms.katalon.core.common.CommonExecutor.accessTestCaseMainPhase(CommonExecutor.java:65)
	at com.kms.katalon.core.main.TestSuiteExecutor.accessTestSuiteMainPhase(TestSuiteExecutor.java:150)
	at com.kms.katalon.core.main.TestSuiteExecutor.execute(TestSuiteExecutor.java:106)
	at com.kms.katalon.core.main.TestCaseMain.startTestSuite(TestCaseMain.java:180)
	at TempTestSuite1741333418404.run(TempTestSuite1741333418404.groovy:35)
	at java.base/jdk.internal.reflect.NativeMethodAccessorImpl.invoke0(Native Method)
	at java.base/jdk.internal.reflect.NativeMethodAccessorImpl.invoke(NativeMethodAccessorImpl.java:77)
	at java.base/jdk.internal.reflect.DelegatingMethodAccessorImpl.invoke(DelegatingMethodAccessorImpl.java:43)]]></system-err>
   </testsuite>
</testsuites>
